Sign-up: User: test. Status sucess. Time: 2021-10-25 13:33:25.300233
Logout: User: test. Status: Sucess. Time: 2021-10-25 13:33:31.525758
Log-in: User: testStatus: Sucess. Time: 2021-10-25 13:33:44.550894
Logout: User: test. Status: Sucess. Time: 2021-10-25 13:35:30.852640
Log-in: User: testStatus: Sucess. Time: 2021-10-25 13:35:50.397816
ATM deposit: User: test. Status: Sucess. Time: 2021-10-25 13:37:36.483307
Logout: User: test. Status: Sucess. Time: 2021-10-25 13:38:54.684957
Sign-up: User: gbeirjnwfe. Status sucess. Time: 2021-10-25 14:30:07.901390
Logout: User: gbeirjnwfe. Status: Sucess. Time: 2021-10-25 14:30:09.821595
Sign-up: User: uhbtei. Status sucess. Time: 2021-10-25 17:41:28.066981
Sign-up: User: test. Status sucess. Time: 2021-10-26 13:42:41.957388
Logout: User: test. Status: Sucess. Time: 2021-10-26 13:42:59.136810
Sign-up: User: gtbej. Status sucess. Time: 2021-10-26 13:44:12.179885
Logout: User: gtbej. Status: Sucess. Time: 2021-10-26 13:44:34.327409
Sign-up: User: test. Status sucess. Time: 2021-10-26 19:38:17.655472
Logout: User: test. Status: Sucess. Time: 2021-10-26 19:38:36.906475
Sign-up: User: matias. Status sucess. Time: 2021-10-26 19:38:54.932275
ATM deposit: User: matias. Status: Sucess. Time: 2021-10-26 19:39:37.315656
ATM deposit: User: matias. Status: Fail. Time: 2021-10-26 19:39:52.367621
Request Limit: User: matias. Time: 2021-10-26 19:39:59.182092
Log-in: User: Invalid Input. Status: Fail. Time: 2021-10-26 19:42:21.339263
Log-in: User: testemail@gmail.com. Status: Failed. Time: 2021-10-26 19:42:51.254512
Log-in: User: testStatus: Sucess. Time: 2021-10-26 19:48:54.778941
ATM deposit: User: test. Status: Sucess. Time: 2021-10-26 19:49:23.816502
Transaction: UserFrom-UserTo: test matias. Status: Fail. Time: 2021-10-26 19:49:44.413987
Transaction: UserFrom-UserTo: test-matias. Status: Sucess. Time: 2021-10-26 19:50:09.031181
Logout: User: test. Status: Sucess. Time: 2021-10-26 19:50:33.583140
Log-in: User: matiasStatus: Sucess. Time: 2021-10-26 19:51:23.609164
Request Limit: User: matias. Time: 2021-10-26 19:51:32.991401
